-------------------------------------------------------------------------------
Test set: TestSuite
-------------------------------------------------------------------------------
Tests run: 1, Failures: 1, Errors: 0, Skipped: 0, Time elapsed: 12.867 sec <<< FAILURE!
loginWithValidCredentials(com.app.retailUser.login)  Time elapsed: 0.006 sec  <<< FAILURE!
java.lang.NullPointerException
	at com.app.retailUser.login.loginWithValidCredentials(login.java:13)

